current directory: /var/gem_build/ruby/2.5.0/gems/thrift-0.15.0/ext
/var/lang/bin/ruby -I /var/lang/lib/ruby/site_ruby/2.5.0 -r ./siteconf20210927-1-1os125j.rb extconf.rb
checking for strlcpy() in string.h... yes
creating Makefile

current directory: /var/gem_build/ruby/2.5.0/gems/thrift-0.15.0/ext
make DESTDIR\= clean

current directory: /var/gem_build/ruby/2.5.0/gems/thrift-0.15.0/ext
make DESTDIR\=
compiling binary_protocol_accelerated.c
compiling bytes.c
compiling compact_protocol.c
compiling memory_buffer.c
compiling protocol.c
compiling strlcpy.c
compiling struct.c
compiling thrift_native.c
linking shared-object thrift_native.so

current directory: /var/gem_build/ruby/2.5.0/gems/thrift-0.15.0/ext
make DESTDIR\= install
/usr/bin/install -c -m 0755 thrift_native.so ./.gem.20210927-1-1uuwhaw
